https://faktura.ru/
https://bank.faktura.ru/
https://novikom.ru/individuals/
https://koshelev-bank.ru/
https://online.novikom.ru/#/registration?redirect=%2F
https://online.k-bnk.ru/ibank2/
https://online.iturupbank.ru/web_banking/protected/welcome.jsf
https://ibank2.lanta.ru/ibank2/#/
https://biz.iturupbank.ru/ibank2/
http://www.iturupbank.ru/
https://www.lanta.ru/business/
https://balance.faktura.ru/auth/realms/mdse/
https://elf.faktura.ru/elf/app/
https://elf.faktura.ru/elf/app/?site=kbb
https://elf.faktura.ru/elf/app/?site=lanta
https://elf.faktura.ru/elf/app/?site=promtransbank
https://elf.faktura.ru/elf/app/?site=solidbank
https://elf.faktura.ru/elf/app/?site=vlbb
https://elf.faktura.ru/elf/app/?site=bancaintesa
https://elf.faktura.ru/elf/app/?site=ns-bank
https://elf.faktura.ru/elf/app/?site=nico
https://elf.faktura.ru/elf/app/?site=primsoc
https://elf.faktura.ru/elf/app/?site=banksaratov
https://elf.faktura.ru/elf/app/?site=etbank
https://elf.faktura.ru/elf/app/?site=nskbl
https://elf.faktura.ru/elf/app/?site=maritimebank
https://elf.faktura.ru/elf/app/?site=kbhmb
https://elf.faktura.ru/elf/app/?site=gaztransbank
https://business.faktura.ru/f2b/
https://business.faktura.ru/f2b/?site=iturupbank
https://business.faktura.ru/f2b/?site=ns-bank
https://business.faktura.ru/f2b/?site=tavrichbank
https://business.faktura.ru/f2b/?site=etbank
https://business.faktura.ru/f2b/?site=maritimebank
https://business.faktura.ru/f2b/?site=wildberries
https://nbsrf.ru/
https://ibank.moskb.ru/ibank2/
https://www.moskb.ru/
https://ib.solidbank.ru:8443/
https://www.pervbank.ru/personal/
https://kbb.ru/
https://www.promtransbank.ru/
https://bankvl.ru/
https://www.vlbb.ru/
https://solidbank.ru/
https://capitalbank.ru/
https://dbo.pervbank.ru/ibank2/
https://ibank-fl.moskb.ru/web_banking/protected/welcome.jsf
https://ibr.solidbank.ru:8443/
https://ibank.euroalliance.ru/ibank2/
https://online.euroalliance.ru/web_banking/protected/welcome.jsf
https://www.bancaintesa.ru/
https://euroalliance.ru/
https://digitale.bancaintesa.ru/ru/html/login.html
https://www.vtb.ru/
https://msponline.mspbank.ru/rbr_wr/
https://nbdbank.ru/
https://www.tavrich.ru
https://www.nico-bank.ru/
https://fiz.tavrich.ru/elf/app/
https://pskb.com/
https://moymsp.mspbank.ru/ru/html/login.html
https://online.vtb.ru/login
https://www.ns-bank.ru/
https://www.sberbank.ru/ru/person
https://priovtb.com/
https://online.siab.ru/
https://siab.ru/
https://www.energotransbank.com/
https://online.sberbank.ru/CSAFront/index.do
https://ib2.psbank.ru/login
https://ibank.nskbl.ru/
https://www.psbank.ru/
https://mspbank.ru/
https://lk.nskbl.ru/
https://ibank2.pskb.com/ibank2/
https://www.sibsoc.ru/
https://business.psbank.ru/
https://dbo.bankkaluga.ru/v21/s/bsi.dll
https://www.nskbl.ru/private/
https://fl.priovtb.com/
https://wb-bank.ru/
https://www.dvbank.ru/
https://ibank.dvbank.ru/web_banking/protected/welcome.jsf
https://banksaratov.ru
https://www.bankkaluga.ru/
https://ibank2.kbhmb.ru/ibank2/
https://www.invb.ru/
https://slbank.ru/
https://ibank2.wb-bank.ru/ibank2/
https://ibank.invb.ru:6443/ibank2/
https://kbhmb.ru/
https://www.snbank.ru/
https://maritimebank.com/
https://online.invb.ru:5443/web_banking/protected/welcome.jsf
https://corporate.psbank.ru/
https://my.snbank.ru/
https://digital.energobank.ru/
https://online.sngb.ru/ibank/home?1
https://www.coalmetbank.ru/
https://energobank.ru/
https://www.ibam.ru/
https://www.rncb.ru/
https://bca.umbank.ru/auth/login
https://ibank.bank-mscb.ru/ibank2/
https://www.sngb.ru/
https://dbo.energobank.ru/ru/html/login.html
https://bcu.umbank.ru/rich/auth
https://www.bank-mscb.ru/
https://ibank.dvbank.ru/ibank2/
https://online.albank.ru/
https://ipb.ru/
https://ibank.akibank.ru/web_banking/protected/welcome.jsf
https://ib.minbank.ru/rich/auth
https://minbank.ru/
https://lk.bcs.ru/
https://online.forabank.ru
https://online.rncb.ru/web_banking/protected/welcome.jsf
https://www.forabank.ru/
https://on-line.ipb.ru/
https://ibam24.ru/ru/html/login.html
https://www.metcom.ru/
https://ibank.akibank.ru/ibank2/
https://www.albank.ru/ru/
https://ibank.gaztransbank.ru/ibank2/
https://skbbank.ru/chastnym-licam
https://www.gaztransbank.ru/
https://client.forabank.ru/ru/html/login.html
https://ibank2.metcom.ru/ibank2/
https://www.akibank.ru/
https://www.dalenabank.ru/
https://online.novobank.ru/auth/login
https://bcs.ru/
https://novobank.ru/
https://www.bank-hlynov.ru/
https://ib.skbbank.ru/login
https://i.metcom.ru/client/
https://ibank2.novobank.ru/ibank2/
https://my.bank-hlynov.ru/login/
https://online.akbars.ru/
https://www.lockobank.ru/
https://www.akbars.ru/
https://ib.rencredit.ru/
https://my.metib.online/auth/login
https://my.domrfbank.ru/
https://i.lockobank.ru/Entry/Login/
https://auth.lockobank.ru/Account/Login
https://dbo.dalenabank.ru/web_banking/protected/welcome.jsf
https://metallinvestbank.ru/
https://online.metib.ru/auth/login
https://www.chbrr.crimea.com/
https://online.domrfbank.ru/ru/html/login.html
https://dbo.dalenabank.ru/ibank2/
https://domrfbank.ru/
https://rencredit.ru/
https://online.databank.ru/
https://databank.ru/
https://gebank.ru/
https://dbo2.kuzbank.ru/rich/auth
https://www.kuzbank.ru/
https://retail.kuzbank.ru/rich/auth
https://lk.chelinvest.ru/
https://my.modulbank.ru/
https://ibank.gebank.ru/ru/html/login.html
https://ib.gebank.ru/login
https://chelinvest.ru/index.php
https://online.in-bank.ru/mobile2/
https://in-bank.ru/index.php
https://www.united.ru/
https://modulbank.ru/
https://portal.kuzbank.ru/auth/login
https://p2p.chelinvest.ru/
https://alfabank.ru/get-money/credit/calculator/
https://www.nationalclearingcentre.ru/
https://primbank.ru/
https://mybank.primbank.ru/
https://online.uralsib.ru/login
https://ib.open.ru/webbank/
https://cb.open.ru/login
https://bankauto.ru/
https://online.bankauto.ru/login
https://timerbank.ru/
https://bp.open.ru/login
https://online.rshb.ru/b1/ib6/wf2/retail/ib/loginretaildefault
https://www.bspb.ru/retail/consumer-loan/cash/
https://my.pochtabank.ru/login?next=%2F
https://www.ubrr.ru/
https://www.minbank.ru/info/business/
https://www.chelindbank.ru/
https://i.zenit.ru/login?next=/
https://tkbbank.bankplus.ru/elf/app/
https://ibank.transcapital.com
https://www.cetelem.ru/avtokredit/
https://online.cetelem.ru/login.jsp
https://telebank.minbank.ru
https://i.vuzbank.ru/home
https://ibc.vuzbank.ru/ru/html/login.html
https://rencredit.ru/loans/main/
https://www.lockobank.ru/personal/kredit/
https://www.vuzbank.ru/chastnym-klientam/kredity
https://wb.bbr.ru/web_banking/protected/welcome.jsf
https://ib.bbr.ru/ibank2/
https://www.sngb.ru
https://bank.bcs.ru/business
https://retail.etf-int.ru/register
https://solid.ru/business/rko/index.php
https://bank.solid.ru/ibank2/
https://credits.lockobank.ru
https://www.aresbank.ru/credit/
https://private.akbars.ru/
https://www.pochtabank.ru/
https://ikanobank.ru/
https://sfera.ru/
https://www.gorbank.spb.ru/
https://ib.gorbank.spb.ru/
https://testdbo.gorbank.spb.ru/
https://www.uralfd.ru/
https://online.gorbank.spb.ru/
https://dbo.uralfd.ru/
https://demodbo.uralfd.ru/
https://bankd.ru
https://mail.bankd.ru
https://online.uralfd.ru/
http://test.ndb24.ru
https://client.ndb24.ru/
https://market.ndb24.ru/
https://ca.severgazbank.ru/
https://ibc.severgazbank.ru/
https://ibank.bankd.ru/
https://files.rsb.ru/
https://wallet.rsb.ru/
https://investpay.ru
https://schet.uralsib.ru/
https://www.rusprofile.ru
https://www.novokib.ru
https://ecom.rsb.ru/
https://ibank2.rostfinance.ru/ibank2/
https://capital-bank.ru
https://nsbank.ru
https://b2b.nsbank.ru/
https://spsc.ru
https://www.probank.pro
https://ibank2.probank.pro/ibank2/
https://www.rostfinance.ru
https://194.85.125.6:443
https://194.85.125.1:443
https://212.6.2.87:443
https://212.6.2.82:443
https://92.255.106.120:443
https://195.151.255.45:443
https://62.231.189.8:443
https://85.202.165.114:443
https://85.202.165.123:443
https://178.159.254.71:443
https://194.190.15.33:443
https://92.255.106.126:443
https://195.93.241.66:443
https://195.93.241.67:443
https://178.177.3.11:443
https://5.172.24.152:443
https://31.28.105.86:443
https://178.210.84.159:443
https://94.228.116.53:443
https://5.188.189.58:443
https://51.250.126.12:443
https://213.176.242.102:443
https://185.236.65.26:443
https://195.242.82.13:443
https://185.179.144.43:443
https://77.87.212.15:443
https://217.175.39.154:443
https://87.255.237.154:443
https://194.110.202.41:443
https://194.110.202.47:443
https://31.177.78.183:443
https://212.119.219.153:443
https://212.119.219.155:443
https://178.210.82.104:443
https://193.110.237.253:443
https://194.85.125.2:443
https://79.137.239.252:443
https://91.213.130.20:443
https://193.238.118.80:443
https://193.238.118.65:443
https://46.173.222.33:443
https://91.213.142.35:443
https://37.140.192.182:443
https://194.54.14.168:443
https://194.54.14.131:443
https://91.190.81.115:443
https://91.220.218.145:443
https://85.193.72.51:443
https://194.126.160.114:443
https://109.237.110.153:443
https://95.170.139.143:443
https://92.127.154.178:443
https://95.170.139.8:443
https://109.232.250.39:443
https://193.200.10.123:443
https://91.223.63.207:443
https://193.200.10.12:443
https://91.223.63.17:443
